<?xml version="1.0" encoding="UTF-8"?>
<!-- Generated by org.testng.reporters.JUnitReportReporter -->
<testsuite hostname="DESKTOP-UJKMC5U" failures="0" tests="3" name="tests.HomePageTest" time="30.121" errors="0" timestamp="2020-04-12T12:49:17 CEST" skipped="0">
  <testcase classname="tests.HomePageTest" name="testWomen_Summer_Dresses" time="16.285"/>
  <system-out/>
  <testcase classname="tests.HomePageTest" name="testDressesSubmenu" time="3.762"/>
  <system-out/>
  <testcase classname="tests.HomePageTest" name="testFinalUrl" time="10.074"/>
  <system-out/>
</testsuite> <!-- tests.HomePageTest -->
